Release 13.4 - xst O.87xd (lin64)
Copyright (c) 1995-2011 Xilinx, Inc.  All rights reserved.
--> 
Parameter TMPDIR set to xst/projnav.tmp


Total REAL time to Xst completion: 0.00 secs
Total CPU time to Xst completion: 0.07 secs
 
--> 
Parameter xsthdpdir set to xst


Total REAL time to Xst completion: 0.00 secs
Total CPU time to Xst completion: 0.07 secs
 
--> 
Reading design: ALU.prj

TABLE OF CONTENTS
  1) Synthesis Options Summary
  2) HDL Compilation
  3) Design Hierarchy Analysis
  4) HDL Analysis
  5) HDL Synthesis
     5.1) HDL Synthesis Report
  6) Advanced HDL Synthesis
     6.1) Advanced HDL Synthesis Report
  7) Low Level Synthesis
  8) Partition Report
  9) Final Report
	9.1) Device utilization summary
	9.2) Partition Resource Summary
	9.3) TIMING REPORT


=========================================================================
*                      Synthesis Options Summary                        *
=========================================================================
---- Source Parameters
Input File Name                    : "ALU.prj"
Input Format                       : mixed
Ignore Synthesis Constraint File   : NO

---- Target Parameters
Output File Name                   : "ALU"
Output Format                      : NGC
Target Device                      : xc3s100e-5-vq100

---- Source Options
Top Module Name                    : ALU
Automatic FSM Extraction           : YES
FSM Encoding Algorithm             : Auto
Safe Implementation                : No
FSM Style                          : LUT
RAM Extraction                     : Yes
RAM Style                          : Auto
ROM Extraction                     : Yes
Mux Style                          : Auto
Decoder Extraction                 : YES
Priority Encoder Extraction        : Yes
Shift Register Extraction          : YES
Logical Shifter Extraction         : YES
XOR Collapsing                     : YES
ROM Style                          : Auto
Mux Extraction                     : Yes
Resource Sharing                   : YES
Asynchronous To Synchronous        : NO
Multiplier Style                   : Auto
Automatic Register Balancing       : No

---- Target Options
Add IO Buffers                     : YES
Global Maximum Fanout              : 500
Add Generic Clock Buffer(BUFG)     : 24
Register Duplication               : YES
Slice Packing                      : YES
Optimize Instantiated Primitives   : NO
Use Clock Enable                   : Yes
Use Synchronous Set                : Yes
Use Synchronous Reset              : Yes
Pack IO Registers into IOBs        : Auto
Equivalent register Removal        : YES

---- General Options
Optimization Goal                  : Speed
Optimization Effort                : 1
Keep Hierarchy                     : No
Netlist Hierarchy                  : As_Optimized
RTL Output                         : Yes
Global Optimization                : AllClockNets
Read Cores                         : YES
Write Timing Constraints           : NO
Cross Clock Analysis               : NO
Hierarchy Separator                : /
Bus Delimiter                      : <>
Case Specifier                     : Maintain
Slice Utilization Ratio            : 100
BRAM Utilization Ratio             : 100
Verilog 2001                       : YES
Auto BRAM Packing                  : NO
Slice Utilization Ratio Delta      : 5

=========================================================================


=========================================================================
*                          HDL Compilation                              *
=========================================================================
Compiling verilog file "../Downloads/ALU.v" in library work
Module <ALU> compiled
No errors in compilation
Analysis of file <"ALU.prj"> succeeded.
 

=========================================================================
*                     Design Hierarchy Analysis                         *
=========================================================================
Analyzing hierarchy for module <ALU> in library <work>.


=========================================================================
*                            HDL Analysis                               *
=========================================================================
Analyzing top module <ALU>.
WARNING:Xst:905 - "../Downloads/ALU.v" line 33: One or more signals are missing in the sensitivity list of always block. To enable synthesis of FPGA/CPLD hardware, XST will assume that all necessary signals are present in the sensitivity list. Please note that the result of the synthesis may differ from the initial design specification. The missing signals are:
   <OUT>
Module <ALU> is correct for synthesis.
 

=========================================================================
*                           HDL Synthesis                               *
=========================================================================

Performing bidirectional port resolution...

Synthesizing Unit <ALU>.
    Related source file is "../Downloads/ALU.v".
    Found 16-bit comparator equal for signal <EQUAL$cmp_eq0000> created at line 30.
    Found 16-bit addsub for signal <old_OUT_1$addsub0000>.
    Found 16-bit xor2 for signal <old_OUT_1$xor0000> created at line 39.
    Summary:
	inferred   1 Adder/Subtractor(s).
	inferred   1 Comparator(s).
	inferred  16 Multiplexer(s).
Unit <ALU> synthesized.

INFO:Xst:1767 - HDL ADVISOR - Resource sharing has identified that some arithmetic operations in this design can share the same physical resources for reduced device utilization. For improved clock frequency you may try to disable resource sharing.

=========================================================================
HDL Synthesis Report

Macro Statistics
# Adders/Subtractors                                   : 1
 16-bit addsub                                         : 1
# Comparators                                          : 1
 16-bit comparator equal                               : 1
# Multiplexers                                         : 1
 16-bit 4-to-1 multiplexer                             : 1
# Xors                                                 : 1
 16-bit xor2                                           : 1

=========================================================================

=========================================================================
*                       Advanced HDL Synthesis                          *
=========================================================================


=========================================================================
Advanced HDL Synthesis Report

Macro Statistics
# Adders/Subtractors                                   : 1
 16-bit addsub                                         : 1
# Comparators                                          : 1
 16-bit comparator equal                               : 1
# Multiplexers                                         : 1
 16-bit 4-to-1 multiplexer                             : 1
# Xors                                                 : 1
 16-bit xor2                                           : 1

=========================================================================

=========================================================================
*                         Low Level Synthesis                           *
=========================================================================

Optimizing unit <ALU> ...

Mapping all equations...
Building and optimizing final netlist ...
Found area constraint ratio of 100 (+ 5) on block ALU, actual ratio is 3.

Final Macro Processing ...

=========================================================================
Final Register Report

Found no macro
=========================================================================

=========================================================================
*                           Partition Report                            *
=========================================================================

Partition Implementation Status
-------------------------------

  No Partitions were found in this design.

-------------------------------

=========================================================================
*                            Final Report                               *
=========================================================================
Final Results
RTL Top Level Output File Name     : ALU.ngr
Top Level Output File Name         : ALU
Output Format                      : NGC
Optimization Goal                  : Speed
Keep Hierarchy                     : No

Design Statistics
# IOs                              : 52

Cell Usage :
# BELS                             : 106
#      GND                         : 1
#      LUT2                        : 1
#      LUT3                        : 21
#      LUT4                        : 31
#      MUXCY                       : 23
#      MUXF5                       : 12
#      VCC                         : 1
#      XORCY                       : 16
# IO Buffers                       : 52
#      IBUF                        : 34
#      OBUF                        : 18
=========================================================================

Device utilization summary:
---------------------------

Selected Device : 3s100evq100-5 

 Number of Slices:                       34  out of    960     3%  
 Number of 4 input LUTs:                 53  out of   1920     2%  
 Number of IOs:                          52
 Number of bonded IOBs:                  52  out of     66    78%  

---------------------------
Partition Resource Summary:
---------------------------

  No Partitions were found in this design.

---------------------------


=========================================================================
TIMING REPORT

NOTE: THESE TIMING NUMBERS ARE ONLY A SYNTHESIS ESTIMATE.
      FOR ACCURATE TIMING INFORMATION PLEASE REFER TO THE TRACE REPORT
      GENERATED AFTER PLACE-and-ROUTE.

Clock Information:
------------------
No clock signals found in this design

Asynchronous Control Signals Information:
----------------------------------------
No asynchronous control signals found in this design

Timing Summary:
---------------
Speed Grade: -5

   Minimum period: No path found
   Minimum input arrival time before clock: No path found
   Maximum output required time after clock: No path found
   Maximum combinational path delay: 11.273ns

Timing Detail:
--------------
All values displayed in nanoseconds (ns)

=========================================================================
Timing constraint: Default path analysis
  Total number of paths / destination ports: 1552 / 18
-------------------------------------------------------------------------
Delay:               11.273ns (Levels of Logic = 12)
  Source:            OP<0> (PAD)
  Destination:       ZERO (PAD)

  Data Path: OP<0> to ZERO
                                Gate     Net
    Cell:in->out      fanout   Delay   Delay  Logical Name (Net Name)
    ----------------------------------------  ------------
     IBUF:I->O            33   1.106   1.225  OP_0_IBUF (OP_0_IBUF)
     LUT2:I0->O            1   0.612   0.357  old_OUT_1_mux00002 (old_OUT_1_mux0000)
     MUXCY:CI->O           1   0.051   0.000  Maddsub_old_OUT_1_addsub0000_cy<0> (Maddsub_old_OUT_1_addsub0000_cy<0>)
     MUXCY:CI->O           1   0.051   0.000  Maddsub_old_OUT_1_addsub0000_cy<1> (Maddsub_old_OUT_1_addsub0000_cy<1>)
     MUXCY:CI->O           1   0.051   0.000  Maddsub_old_OUT_1_addsub0000_cy<2> (Maddsub_old_OUT_1_addsub0000_cy<2>)
     MUXCY:CI->O           1   0.051   0.000  Maddsub_old_OUT_1_addsub0000_cy<3> (Maddsub_old_OUT_1_addsub0000_cy<3>)
     XORCY:CI->O           1   0.699   0.000  Maddsub_old_OUT_1_addsub0000_xor<4> (old_OUT_1_addsub0000<4>)
     MUXF5:I0->O           2   0.278   0.410  Mmux__old_OUT_122_f5 (OUT_4_OBUF)
     LUT4:I2->O            1   0.612   0.509  ZERO_cmp_eq00003 (ZERO_cmp_eq00003)
     LUT4:I0->O            1   0.612   0.509  ZERO_cmp_eq000022 (ZERO_cmp_eq000022)
     LUT3:I0->O            1   0.612   0.357  ZERO_cmp_eq000085 (ZERO_OBUF)
     OBUF:I->O                 3.169          ZERO_OBUF (ZERO)
    ----------------------------------------
    Total                     11.273ns (7.906ns logic, 3.367ns route)
                                       (70.1% logic, 29.9% route)

=========================================================================


Total REAL time to Xst completion: 7.00 secs
Total CPU time to Xst completion: 5.94 secs
 
--> 


Total memory usage is 605236 kilobytes

Number of errors   :    0 (   0 filtered)
Number of warnings :    1 (   0 filtered)
Number of infos    :    1 (   0 filtered)

